c:\users\michauz\desktop\studia\semestr 4\programowanie w c++\projekt\sudokuqt\sudokuqt\x64\release\board.obj
c:\users\michauz\desktop\studia\semestr 4\programowanie w c++\projekt\sudokuqt\sudokuqt\x64\release\mainwindow.obj
c:\users\michauz\desktop\studia\semestr 4\programowanie w c++\projekt\sudokuqt\sudokuqt\x64\release\mysql.obj
c:\users\michauz\desktop\studia\semestr 4\programowanie w c++\projekt\sudokuqt\sudokuqt\x64\release\gamescore.obj
c:\users\michauz\desktop\studia\semestr 4\programowanie w c++\projekt\sudokuqt\sudokuqt\x64\release\main.obj
c:\users\michauz\desktop\studia\semestr 4\programowanie w c++\projekt\sudokuqt\sudokuqt\x64\release\scores.obj
c:\users\michauz\desktop\studia\semestr 4\programowanie w c++\projekt\sudokuqt\sudokuqt\x64\release\vc143.pdb
c:\users\michauz\desktop\studia\semestr 4\programowanie w c++\projekt\sudokuqt\sudokuqt\x64\release\qrc_mainwindow.obj
c:\users\michauz\desktop\studia\semestr 4\programowanie w c++\projekt\sudokuqt\sudokuqt\x64\release\moc_gamescore.obj
c:\users\michauz\desktop\studia\semestr 4\programowanie w c++\projekt\sudokuqt\sudokuqt\x64\release\moc_mainwindow.obj
c:\users\michauz\desktop\studia\semestr 4\programowanie w c++\projekt\sudokuqt\x64\release\sudokuqt.exe
c:\users\michauz\desktop\studia\semestr 4\programowanie w c++\projekt\sudokuqt\sudokuqt\x64\release\moc\moc_mainwindow.cpp
c:\users\michauz\desktop\studia\semestr 4\programowanie w c++\projekt\sudokuqt\sudokuqt\x64\release\moc\moc_gamescore.cpp
c:\users\michauz\desktop\studia\semestr 4\programowanie w c++\projekt\sudokuqt\sudokuqt\x64\release\rcc\qrc_mainwindow.cpp
c:\users\michauz\desktop\studia\semestr 4\programowanie w c++\projekt\sudokuqt\sudokuqt\x64\release\uic\ui_mainwindow.h
c:\users\michauz\desktop\studia\semestr 4\programowanie w c++\projekt\sudokuqt\x64\release\qt6core.dll
c:\users\michauz\desktop\studia\semestr 4\programowanie w c++\projekt\sudokuqt\x64\release\qt6gui.dll
c:\users\michauz\desktop\studia\semestr 4\programowanie w c++\projekt\sudokuqt\x64\release\qt6network.dll
c:\users\michauz\desktop\studia\semestr 4\programowanie w c++\projekt\sudokuqt\x64\release\qt6svg.dll
c:\users\michauz\desktop\studia\semestr 4\programowanie w c++\projekt\sudokuqt\x64\release\qt6widgets.dll
c:\users\michauz\desktop\studia\semestr 4\programowanie w c++\projekt\sudokuqt\x64\release\opengl32sw.dll
c:\users\michauz\desktop\studia\semestr 4\programowanie w c++\projekt\sudokuqt\x64\release\d3dcompiler_47.dll
c:\users\michauz\desktop\studia\semestr 4\programowanie w c++\projekt\sudokuqt\x64\release\generic\qtuiotouchplugin.dll
c:\users\michauz\desktop\studia\semestr 4\programowanie w c++\projekt\sudokuqt\x64\release\iconengines\qsvgicon.dll
c:\users\michauz\desktop\studia\semestr 4\programowanie w c++\projekt\sudokuqt\x64\release\imageformats\qgif.dll
c:\users\michauz\desktop\studia\semestr 4\programowanie w c++\projekt\sudokuqt\x64\release\imageformats\qico.dll
c:\users\michauz\desktop\studia\semestr 4\programowanie w c++\projekt\sudokuqt\x64\release\imageformats\qjpeg.dll
c:\users\michauz\desktop\studia\semestr 4\programowanie w c++\projekt\sudokuqt\x64\release\imageformats\qsvg.dll
c:\users\michauz\desktop\studia\semestr 4\programowanie w c++\projekt\sudokuqt\x64\release\networkinformation\qnetworklistmanager.dll
c:\users\michauz\desktop\studia\semestr 4\programowanie w c++\projekt\sudokuqt\x64\release\platforms\qwindows.dll
c:\users\michauz\desktop\studia\semestr 4\programowanie w c++\projekt\sudokuqt\x64\release\styles\qwindowsvistastyle.dll
c:\users\michauz\desktop\studia\semestr 4\programowanie w c++\projekt\sudokuqt\x64\release\tls\qcertonlybackend.dll
c:\users\michauz\desktop\studia\semestr 4\programowanie w c++\projekt\sudokuqt\x64\release\tls\qopensslbackend.dll
c:\users\michauz\desktop\studia\semestr 4\programowanie w c++\projekt\sudokuqt\x64\release\tls\qschannelbackend.dll
c:\users\michauz\desktop\studia\semestr 4\programowanie w c++\projekt\sudokuqt\x64\release\translations\qt_ar.qm
c:\users\michauz\desktop\studia\semestr 4\programowanie w c++\projekt\sudokuqt\x64\release\translations\qt_bg.qm
c:\users\michauz\desktop\studia\semestr 4\programowanie w c++\projekt\sudokuqt\x64\release\translations\qt_ca.qm
c:\users\michauz\desktop\studia\semestr 4\programowanie w c++\projekt\sudokuqt\x64\release\translations\qt_cs.qm
c:\users\michauz\desktop\studia\semestr 4\programowanie w c++\projekt\sudokuqt\x64\release\translations\qt_da.qm
c:\users\michauz\desktop\studia\semestr 4\programowanie w c++\projekt\sudokuqt\x64\release\translations\qt_de.qm
c:\users\michauz\desktop\studia\semestr 4\programowanie w c++\projekt\sudokuqt\x64\release\translations\qt_en.qm
c:\users\michauz\desktop\studia\semestr 4\programowanie w c++\projekt\sudokuqt\x64\release\translations\qt_es.qm
c:\users\michauz\desktop\studia\semestr 4\programowanie w c++\projekt\sudokuqt\x64\release\translations\qt_fa.qm
c:\users\michauz\desktop\studia\semestr 4\programowanie w c++\projekt\sudokuqt\x64\release\translations\qt_fi.qm
c:\users\michauz\desktop\studia\semestr 4\programowanie w c++\projekt\sudokuqt\x64\release\translations\qt_fr.qm
c:\users\michauz\desktop\studia\semestr 4\programowanie w c++\projekt\sudokuqt\x64\release\translations\qt_gd.qm
c:\users\michauz\desktop\studia\semestr 4\programowanie w c++\projekt\sudokuqt\x64\release\translations\qt_he.qm
c:\users\michauz\desktop\studia\semestr 4\programowanie w c++\projekt\sudokuqt\x64\release\translations\qt_hr.qm
c:\users\michauz\desktop\studia\semestr 4\programowanie w c++\projekt\sudokuqt\x64\release\translations\qt_hu.qm
c:\users\michauz\desktop\studia\semestr 4\programowanie w c++\projekt\sudokuqt\x64\release\translations\qt_it.qm
c:\users\michauz\desktop\studia\semestr 4\programowanie w c++\projekt\sudokuqt\x64\release\translations\qt_ja.qm
c:\users\michauz\desktop\studia\semestr 4\programowanie w c++\projekt\sudokuqt\x64\release\translations\qt_ko.qm
c:\users\michauz\desktop\studia\semestr 4\programowanie w c++\projekt\sudokuqt\x64\release\translations\qt_lv.qm
c:\users\michauz\desktop\studia\semestr 4\programowanie w c++\projekt\sudokuqt\x64\release\translations\qt_nl.qm
c:\users\michauz\desktop\studia\semestr 4\programowanie w c++\projekt\sudokuqt\x64\release\translations\qt_nn.qm
c:\users\michauz\desktop\studia\semestr 4\programowanie w c++\projekt\sudokuqt\x64\release\translations\qt_pl.qm
c:\users\michauz\desktop\studia\semestr 4\programowanie w c++\projekt\sudokuqt\x64\release\translations\qt_pt_br.qm
c:\users\michauz\desktop\studia\semestr 4\programowanie w c++\projekt\sudokuqt\x64\release\translations\qt_ru.qm
c:\users\michauz\desktop\studia\semestr 4\programowanie w c++\projekt\sudokuqt\x64\release\translations\qt_sk.qm
c:\users\michauz\desktop\studia\semestr 4\programowanie w c++\projekt\sudokuqt\x64\release\translations\qt_tr.qm
c:\users\michauz\desktop\studia\semestr 4\programowanie w c++\projekt\sudokuqt\x64\release\translations\qt_uk.qm
c:\users\michauz\desktop\studia\semestr 4\programowanie w c++\projekt\sudokuqt\x64\release\translations\qt_zh_cn.qm
c:\users\michauz\desktop\studia\semestr 4\programowanie w c++\projekt\sudokuqt\x64\release\translations\qt_zh_tw.qm
c:\users\michauz\desktop\studia\semestr 4\programowanie w c++\projekt\sudokuqt\sudokuqt\x64\release\windeployqt.log
c:\users\michauz\desktop\studia\semestr 4\programowanie w c++\projekt\sudokuqt\sudokuqt\x64\release\vc143.idb
c:\users\michauz\desktop\studia\semestr 4\programowanie w c++\projekt\sudokuqt\sudokuqt\x64\release\sudokuqt.tlog\cl.1448.write.1.tlog
c:\users\michauz\desktop\studia\semestr 4\programowanie w c++\projekt\sudokuqt\sudokuqt\x64\release\sudokuqt.tlog\cl.command.1.tlog
c:\users\michauz\desktop\studia\semestr 4\programowanie w c++\projekt\sudokuqt\sudokuqt\x64\release\sudokuqt.tlog\cl.items.tlog
c:\users\michauz\desktop\studia\semestr 4\programowanie w c++\projekt\sudokuqt\sudokuqt\x64\release\sudokuqt.tlog\cl.read.1.tlog
c:\users\michauz\desktop\studia\semestr 4\programowanie w c++\projekt\sudokuqt\sudokuqt\x64\release\sudokuqt.tlog\link.command.1.tlog
c:\users\michauz\desktop\studia\semestr 4\programowanie w c++\projekt\sudokuqt\sudokuqt\x64\release\sudokuqt.tlog\link.read.1.tlog
c:\users\michauz\desktop\studia\semestr 4\programowanie w c++\projekt\sudokuqt\sudokuqt\x64\release\sudokuqt.tlog\link.write.1.tlog
c:\users\michauz\desktop\studia\semestr 4\programowanie w c++\projekt\sudokuqt\sudokuqt\x64\release\sudokuqt.tlog\moc.read.1u.tlog
c:\users\michauz\desktop\studia\semestr 4\programowanie w c++\projekt\sudokuqt\sudokuqt\x64\release\sudokuqt.tlog\moc.write.1u.tlog
c:\users\michauz\desktop\studia\semestr 4\programowanie w c++\projekt\sudokuqt\sudokuqt\x64\release\sudokuqt.tlog\rcc.read.1u.tlog
c:\users\michauz\desktop\studia\semestr 4\programowanie w c++\projekt\sudokuqt\sudokuqt\x64\release\sudokuqt.tlog\rcc.write.1u.tlog
c:\users\michauz\desktop\studia\semestr 4\programowanie w c++\projekt\sudokuqt\sudokuqt\x64\release\sudokuqt.tlog\sudokuqt.write.1u.tlog
c:\users\michauz\desktop\studia\semestr 4\programowanie w c++\projekt\sudokuqt\sudokuqt\x64\release\sudokuqt.tlog\uic.read.1u.tlog
c:\users\michauz\desktop\studia\semestr 4\programowanie w c++\projekt\sudokuqt\sudokuqt\x64\release\sudokuqt.tlog\uic.write.1u.tlog
c:\users\michauz\desktop\studia\semestr 4\programowanie w c++\projekt\sudokuqt\sudokuqt\x64\release\sudokuqt.tlog\windeployqt.read.1u.tlog
c:\users\michauz\desktop\studia\semestr 4\programowanie w c++\projekt\sudokuqt\sudokuqt\x64\release\sudokuqt.tlog\windeployqt.write.1u.tlog
