c:\users\michauz\desktop\studia\semestr 3\programowanie w c++\projekt\sudokuqt\sudokuqt\x64\debug\moc_wynikgry.obj
c:\users\michauz\desktop\studia\semestr 3\programowanie w c++\projekt\sudokuqt\sudokuqt\x64\debug\qrc_mainwindow.obj
c:\users\michauz\desktop\studia\semestr 3\programowanie w c++\projekt\sudokuqt\sudokuqt\x64\debug\moc_mainwindow.obj
c:\users\michauz\desktop\studia\semestr 3\programowanie w c++\projekt\sudokuqt\sudokuqt\x64\debug\wynikgry.obj
c:\users\michauz\desktop\studia\semestr 3\programowanie w c++\projekt\sudokuqt\sudokuqt\x64\debug\wyniki.obj
c:\users\michauz\desktop\studia\semestr 3\programowanie w c++\projekt\sudokuqt\sudokuqt\x64\debug\mainwindow.obj
c:\users\michauz\desktop\studia\semestr 3\programowanie w c++\projekt\sudokuqt\sudokuqt\x64\debug\main.obj
c:\users\michauz\desktop\studia\semestr 3\programowanie w c++\projekt\sudokuqt\sudokuqt\x64\debug\vc143.pdb
c:\users\michauz\desktop\studia\semestr 3\programowanie w c++\projekt\sudokuqt\x64\debug\sudokuqt.exe
c:\users\michauz\desktop\studia\semestr 3\programowanie w c++\projekt\sudokuqt\x64\debug\sudokuqt.ilk
c:\users\michauz\desktop\studia\semestr 3\programowanie w c++\projekt\sudokuqt\x64\debug\sudokuqt.pdb
c:\users\michauz\desktop\studia\semestr 3\programowanie w c++\projekt\sudokuqt\sudokuqt\x64\debug\moc\moc_mainwindow.cpp
c:\users\michauz\desktop\studia\semestr 3\programowanie w c++\projekt\sudokuqt\sudokuqt\x64\debug\moc\moc_wynikgry.cpp
c:\users\michauz\desktop\studia\semestr 3\programowanie w c++\projekt\sudokuqt\sudokuqt\x64\debug\rcc\qrc_mainwindow.cpp
c:\users\michauz\desktop\studia\semestr 3\programowanie w c++\projekt\sudokuqt\sudokuqt\x64\debug\uic\ui_mainwindow.h
c:\users\michauz\desktop\studia\semestr 3\programowanie w c++\projekt\sudokuqt\sudokuqt\x64\debug\back.obj
c:\users\michauz\desktop\studia\semestr 3\programowanie w c++\projekt\sudokuqt\sudokuqt\x64\debug\board.obj
c:\users\michauz\desktop\studia\semestr 3\programowanie w c++\projekt\sudokuqt\sudokuqt\x64\debug\vc143.idb
c:\users\michauz\desktop\studia\semestr 3\programowanie w c++\projekt\sudokuqt\sudokuqt\x64\debug\sudokuqt.tlog\cl.command.1.tlog
c:\users\michauz\desktop\studia\semestr 3\programowanie w c++\projekt\sudokuqt\sudokuqt\x64\debug\sudokuqt.tlog\cl.items.tlog
c:\users\michauz\desktop\studia\semestr 3\programowanie w c++\projekt\sudokuqt\sudokuqt\x64\debug\sudokuqt.tlog\cl.read.1.tlog
c:\users\michauz\desktop\studia\semestr 3\programowanie w c++\projekt\sudokuqt\sudokuqt\x64\debug\sudokuqt.tlog\cl.write.1.tlog
c:\users\michauz\desktop\studia\semestr 3\programowanie w c++\projekt\sudokuqt\sudokuqt\x64\debug\sudokuqt.tlog\link.command.1.tlog
c:\users\michauz\desktop\studia\semestr 3\programowanie w c++\projekt\sudokuqt\sudokuqt\x64\debug\sudokuqt.tlog\link.read.1.tlog
c:\users\michauz\desktop\studia\semestr 3\programowanie w c++\projekt\sudokuqt\sudokuqt\x64\debug\sudokuqt.tlog\link.write.1.tlog
c:\users\michauz\desktop\studia\semestr 3\programowanie w c++\projekt\sudokuqt\sudokuqt\x64\debug\sudokuqt.tlog\moc.read.1u.tlog
c:\users\michauz\desktop\studia\semestr 3\programowanie w c++\projekt\sudokuqt\sudokuqt\x64\debug\sudokuqt.tlog\moc.write.1u.tlog
c:\users\michauz\desktop\studia\semestr 3\programowanie w c++\projekt\sudokuqt\sudokuqt\x64\debug\sudokuqt.tlog\rcc.read.1u.tlog
c:\users\michauz\desktop\studia\semestr 3\programowanie w c++\projekt\sudokuqt\sudokuqt\x64\debug\sudokuqt.tlog\rcc.write.1u.tlog
c:\users\michauz\desktop\studia\semestr 3\programowanie w c++\projekt\sudokuqt\sudokuqt\x64\debug\sudokuqt.tlog\sudokuqt.write.1u.tlog
c:\users\michauz\desktop\studia\semestr 3\programowanie w c++\projekt\sudokuqt\sudokuqt\x64\debug\sudokuqt.tlog\uic.read.1u.tlog
c:\users\michauz\desktop\studia\semestr 3\programowanie w c++\projekt\sudokuqt\sudokuqt\x64\debug\sudokuqt.tlog\uic.write.1u.tlog
