C:\Users\MichauZ\Desktop\studia\Semestr 4\Programowanie w C++\Projekt\SudokuQT\x64\Debug\\Qt6Core.dll
C:\Users\MichauZ\Desktop\studia\Semestr 4\Programowanie w C++\Projekt\SudokuQT\x64\Debug\\Qt6Gui.dll
C:\Users\MichauZ\Desktop\studia\Semestr 4\Programowanie w C++\Projekt\SudokuQT\x64\Debug\\Qt6Network.dll
C:\Users\MichauZ\Desktop\studia\Semestr 4\Programowanie w C++\Projekt\SudokuQT\x64\Debug\\Qt6Svg.dll
C:\Users\MichauZ\Desktop\studia\Semestr 4\Programowanie w C++\Projekt\SudokuQT\x64\Debug\\Qt6Widgets.dll
C:\Users\MichauZ\Desktop\studia\Semestr 4\Programowanie w C++\Projekt\SudokuQT\x64\Debug\\opengl32sw.dll
C:\Users\MichauZ\Desktop\studia\Semestr 4\Programowanie w C++\Projekt\SudokuQT\x64\Debug\\D3Dcompiler_47.dll
C:\Users\MichauZ\Desktop\studia\Semestr 4\Programowanie w C++\Projekt\SudokuQT\x64\Debug\generic\qtuiotouchplugin.dll
C:\Users\MichauZ\Desktop\studia\Semestr 4\Programowanie w C++\Projekt\SudokuQT\x64\Debug\iconengines\qsvgicon.dll
C:\Users\MichauZ\Desktop\studia\Semestr 4\Programowanie w C++\Projekt\SudokuQT\x64\Debug\imageformats\qgif.dll
C:\Users\MichauZ\Desktop\studia\Semestr 4\Programowanie w C++\Projekt\SudokuQT\x64\Debug\imageformats\qico.dll
C:\Users\MichauZ\Desktop\studia\Semestr 4\Programowanie w C++\Projekt\SudokuQT\x64\Debug\imageformats\qjpeg.dll
C:\Users\MichauZ\Desktop\studia\Semestr 4\Programowanie w C++\Projekt\SudokuQT\x64\Debug\imageformats\qsvg.dll
C:\Users\MichauZ\Desktop\studia\Semestr 4\Programowanie w C++\Projekt\SudokuQT\x64\Debug\networkinformation\qnetworklistmanager.dll
C:\Users\MichauZ\Desktop\studia\Semestr 4\Programowanie w C++\Projekt\SudokuQT\x64\Debug\platforms\qwindows.dll
C:\Users\MichauZ\Desktop\studia\Semestr 4\Programowanie w C++\Projekt\SudokuQT\x64\Debug\styles\qwindowsvistastyle.dll
C:\Users\MichauZ\Desktop\studia\Semestr 4\Programowanie w C++\Projekt\SudokuQT\x64\Debug\tls\qcertonlybackend.dll
C:\Users\MichauZ\Desktop\studia\Semestr 4\Programowanie w C++\Projekt\SudokuQT\x64\Debug\tls\qopensslbackend.dll
C:\Users\MichauZ\Desktop\studia\Semestr 4\Programowanie w C++\Projekt\SudokuQT\x64\Debug\tls\qschannelbackend.dll
C:\Users\MichauZ\Desktop\studia\Semestr 4\Programowanie w C++\Projekt\SudokuQT\x64\Debug\translations\qt_ar.qm
C:\Users\MichauZ\Desktop\studia\Semestr 4\Programowanie w C++\Projekt\SudokuQT\x64\Debug\translations\qtbase_ar.qm
C:\Users\MichauZ\Desktop\studia\Semestr 4\Programowanie w C++\Projekt\SudokuQT\x64\Debug\translations\qt_bg.qm
C:\Users\MichauZ\Desktop\studia\Semestr 4\Programowanie w C++\Projekt\SudokuQT\x64\Debug\translations\qtbase_bg.qm
C:\Users\MichauZ\Desktop\studia\Semestr 4\Programowanie w C++\Projekt\SudokuQT\x64\Debug\translations\qt_ca.qm
C:\Users\MichauZ\Desktop\studia\Semestr 4\Programowanie w C++\Projekt\SudokuQT\x64\Debug\translations\qtbase_ca.qm
C:\Users\MichauZ\Desktop\studia\Semestr 4\Programowanie w C++\Projekt\SudokuQT\x64\Debug\translations\qt_cs.qm
C:\Users\MichauZ\Desktop\studia\Semestr 4\Programowanie w C++\Projekt\SudokuQT\x64\Debug\translations\qtbase_cs.qm
C:\Users\MichauZ\Desktop\studia\Semestr 4\Programowanie w C++\Projekt\SudokuQT\x64\Debug\translations\qt_da.qm
C:\Users\MichauZ\Desktop\studia\Semestr 4\Programowanie w C++\Projekt\SudokuQT\x64\Debug\translations\qtbase_da.qm
C:\Users\MichauZ\Desktop\studia\Semestr 4\Programowanie w C++\Projekt\SudokuQT\x64\Debug\translations\qt_de.qm
C:\Users\MichauZ\Desktop\studia\Semestr 4\Programowanie w C++\Projekt\SudokuQT\x64\Debug\translations\qtbase_de.qm
C:\Users\MichauZ\Desktop\studia\Semestr 4\Programowanie w C++\Projekt\SudokuQT\x64\Debug\translations\qt_en.qm
C:\Users\MichauZ\Desktop\studia\Semestr 4\Programowanie w C++\Projekt\SudokuQT\x64\Debug\translations\qtbase_en.qm
C:\Users\MichauZ\Desktop\studia\Semestr 4\Programowanie w C++\Projekt\SudokuQT\x64\Debug\translations\qt_es.qm
C:\Users\MichauZ\Desktop\studia\Semestr 4\Programowanie w C++\Projekt\SudokuQT\x64\Debug\translations\qtbase_es.qm
C:\Users\MichauZ\Desktop\studia\Semestr 4\Programowanie w C++\Projekt\SudokuQT\x64\Debug\translations\qt_fa.qm
C:\Users\MichauZ\Desktop\studia\Semestr 4\Programowanie w C++\Projekt\SudokuQT\x64\Debug\translations\qtbase_fa.qm
C:\Users\MichauZ\Desktop\studia\Semestr 4\Programowanie w C++\Projekt\SudokuQT\x64\Debug\translations\qt_fi.qm
C:\Users\MichauZ\Desktop\studia\Semestr 4\Programowanie w C++\Projekt\SudokuQT\x64\Debug\translations\qtbase_fi.qm
C:\Users\MichauZ\Desktop\studia\Semestr 4\Programowanie w C++\Projekt\SudokuQT\x64\Debug\translations\qt_fr.qm
C:\Users\MichauZ\Desktop\studia\Semestr 4\Programowanie w C++\Projekt\SudokuQT\x64\Debug\translations\qtbase_fr.qm
C:\Users\MichauZ\Desktop\studia\Semestr 4\Programowanie w C++\Projekt\SudokuQT\x64\Debug\translations\qt_gd.qm
C:\Users\MichauZ\Desktop\studia\Semestr 4\Programowanie w C++\Projekt\SudokuQT\x64\Debug\translations\qtbase_gd.qm
C:\Users\MichauZ\Desktop\studia\Semestr 4\Programowanie w C++\Projekt\SudokuQT\x64\Debug\translations\qt_he.qm
C:\Users\MichauZ\Desktop\studia\Semestr 4\Programowanie w C++\Projekt\SudokuQT\x64\Debug\translations\qtbase_he.qm
C:\Users\MichauZ\Desktop\studia\Semestr 4\Programowanie w C++\Projekt\SudokuQT\x64\Debug\translations\qt_hr.qm
C:\Users\MichauZ\Desktop\studia\Semestr 4\Programowanie w C++\Projekt\SudokuQT\x64\Debug\translations\qtbase_hr.qm
C:\Users\MichauZ\Desktop\studia\Semestr 4\Programowanie w C++\Projekt\SudokuQT\x64\Debug\translations\qt_hu.qm
C:\Users\MichauZ\Desktop\studia\Semestr 4\Programowanie w C++\Projekt\SudokuQT\x64\Debug\translations\qtbase_hu.qm
C:\Users\MichauZ\Desktop\studia\Semestr 4\Programowanie w C++\Projekt\SudokuQT\x64\Debug\translations\qt_it.qm
C:\Users\MichauZ\Desktop\studia\Semestr 4\Programowanie w C++\Projekt\SudokuQT\x64\Debug\translations\qtbase_it.qm
C:\Users\MichauZ\Desktop\studia\Semestr 4\Programowanie w C++\Projekt\SudokuQT\x64\Debug\translations\qt_ja.qm
C:\Users\MichauZ\Desktop\studia\Semestr 4\Programowanie w C++\Projekt\SudokuQT\x64\Debug\translations\qtbase_ja.qm
C:\Users\MichauZ\Desktop\studia\Semestr 4\Programowanie w C++\Projekt\SudokuQT\x64\Debug\translations\qt_ko.qm
C:\Users\MichauZ\Desktop\studia\Semestr 4\Programowanie w C++\Projekt\SudokuQT\x64\Debug\translations\qtbase_ko.qm
C:\Users\MichauZ\Desktop\studia\Semestr 4\Programowanie w C++\Projekt\SudokuQT\x64\Debug\translations\qt_lv.qm
C:\Users\MichauZ\Desktop\studia\Semestr 4\Programowanie w C++\Projekt\SudokuQT\x64\Debug\translations\qtbase_lv.qm
C:\Users\MichauZ\Desktop\studia\Semestr 4\Programowanie w C++\Projekt\SudokuQT\x64\Debug\translations\qt_nl.qm
C:\Users\MichauZ\Desktop\studia\Semestr 4\Programowanie w C++\Projekt\SudokuQT\x64\Debug\translations\qtbase_nl.qm
C:\Users\MichauZ\Desktop\studia\Semestr 4\Programowanie w C++\Projekt\SudokuQT\x64\Debug\translations\qt_nn.qm
C:\Users\MichauZ\Desktop\studia\Semestr 4\Programowanie w C++\Projekt\SudokuQT\x64\Debug\translations\qtbase_nn.qm
C:\Users\MichauZ\Desktop\studia\Semestr 4\Programowanie w C++\Projekt\SudokuQT\x64\Debug\translations\qt_pl.qm
C:\Users\MichauZ\Desktop\studia\Semestr 4\Programowanie w C++\Projekt\SudokuQT\x64\Debug\translations\qtbase_pl.qm
C:\Users\MichauZ\Desktop\studia\Semestr 4\Programowanie w C++\Projekt\SudokuQT\x64\Debug\translations\qt_pt_BR.qm
C:\Users\MichauZ\Desktop\studia\Semestr 4\Programowanie w C++\Projekt\SudokuQT\x64\Debug\translations\qtbase_pt_BR.qm
C:\Users\MichauZ\Desktop\studia\Semestr 4\Programowanie w C++\Projekt\SudokuQT\x64\Debug\translations\qt_ru.qm
C:\Users\MichauZ\Desktop\studia\Semestr 4\Programowanie w C++\Projekt\SudokuQT\x64\Debug\translations\qtbase_ru.qm
C:\Users\MichauZ\Desktop\studia\Semestr 4\Programowanie w C++\Projekt\SudokuQT\x64\Debug\translations\qt_sk.qm
C:\Users\MichauZ\Desktop\studia\Semestr 4\Programowanie w C++\Projekt\SudokuQT\x64\Debug\translations\qtbase_sk.qm
C:\Users\MichauZ\Desktop\studia\Semestr 4\Programowanie w C++\Projekt\SudokuQT\x64\Debug\translations\qt_tr.qm
C:\Users\MichauZ\Desktop\studia\Semestr 4\Programowanie w C++\Projekt\SudokuQT\x64\Debug\translations\qtbase_tr.qm
C:\Users\MichauZ\Desktop\studia\Semestr 4\Programowanie w C++\Projekt\SudokuQT\x64\Debug\translations\qt_uk.qm
C:\Users\MichauZ\Desktop\studia\Semestr 4\Programowanie w C++\Projekt\SudokuQT\x64\Debug\translations\qtbase_uk.qm
C:\Users\MichauZ\Desktop\studia\Semestr 4\Programowanie w C++\Projekt\SudokuQT\x64\Debug\translations\qt_zh_CN.qm
C:\Users\MichauZ\Desktop\studia\Semestr 4\Programowanie w C++\Projekt\SudokuQT\x64\Debug\translations\qtbase_zh_CN.qm
C:\Users\MichauZ\Desktop\studia\Semestr 4\Programowanie w C++\Projekt\SudokuQT\x64\Debug\translations\qt_zh_TW.qm
C:\Users\MichauZ\Desktop\studia\Semestr 4\Programowanie w C++\Projekt\SudokuQT\x64\Debug\translations\qtbase_zh_TW.qm
